<?xml version="1.0" encoding="UTF-8"?>
<testsuite xmlns:xsi="http://www.w3.org/2001/XMLSchema-instance" xsi:noNamespaceSchemaLocation="https://maven.apache.org/surefire/maven-surefire-plugin/xsd/surefire-test-report.xsd" name="com.techpeople.techsoft.TechsoftApplicationTests" time="0.011" tests="1" errors="1" skipped="0" failures="0">
  <properties>
[...]
</properties>
  <testcase name="initializationError" classname="com.techpeople.techsoft.TechsoftApplicationTests" time="0.008">
    <error message="Unable to find a @SpringBootConfiguration, you need to use @ContextConfiguration or @SpringBootTest(classes=...) with your test" type="java.lang.IllegalStateException">java.lang.IllegalStateException: Unable to find a @SpringBootConfiguration, you need to use @ContextConfiguration or @SpringBootTest(classes=...) with your test
</error>
    <system-out><![CDATA[15:01:35.261 [main] DEBUG org.springframework.test.context.junit4.SpringJUnit4ClassRunner - SpringJUnit4ClassRunner constructor called with [class com.techpeople.techsoft.TechsoftApplicationTests]
15:01:35.265 [main] DEBUG org.springframework.test.context.BootstrapUtils - Instantiating CacheAwareContextLoaderDelegate from class [org.springframework.test.context.cache.DefaultCacheAwareContextLoaderDelegate]
15:01:35.274 [main] DEBUG org.springframework.test.context.BootstrapUtils - Instantiating BootstrapContext using constructor [public org.springframework.test.context.support.DefaultBootstrapContext(java.lang.Class,org.springframework.test.context.CacheAwareContextLoaderDelegate)]
15:01:35.304 [main] DEBUG org.springframework.test.context.BootstrapUtils - Instantiating TestContextBootstrapper for test class [com.techpeople.techsoft.TechsoftApplicationTests] from class [org.springframework.boot.test.context.SpringBootTestContextBootstrapper]
15:01:35.317 [main] INFO org.springframework.boot.test.context.SpringBootTestContextBootstrapper - Neither @ContextConfiguration nor @ContextHierarchy found for test class [com.techpeople.techsoft.TechsoftApplicationTests], using SpringBootContextLoader
15:01:35.321 [main] DEBUG org.springframework.test.context.support.AbstractContextLoader - Did not detect default resource location for test class [com.techpeople.techsoft.TechsoftApplicationTests]: class path resource [com/techpeople/techsoft/TechsoftApplicationTests-context.xml] does not exist
15:01:35.321 [main] DEBUG org.springframework.test.context.support.AbstractContextLoader - Did not detect default resource location for test class [com.techpeople.techsoft.TechsoftApplicationTests]: class path resource [com/techpeople/techsoft/TechsoftApplicationTestsContext.groovy] does not exist
15:01:35.322 [main] INFO org.springframework.test.context.support.AbstractContextLoader - Could not detect default resource locations for test class [com.techpeople.techsoft.TechsoftApplicationTests]: no resource found for suffixes {-context.xml, Context.groovy}.
15:01:35.322 [main] INFO org.springframework.test.context.support.AnnotationConfigContextLoaderUtils - Could not detect default configuration classes for test class [com.techpeople.techsoft.TechsoftApplicationTests]: TechsoftApplicationTests does not declare any static, non-private, non-final, nested classes annotated with @Configuration.
15:01:35.363 [main] DEBUG org.springframework.test.context.support.ActiveProfilesUtils - Could not find an 'annotation declaring class' for annotation type [org.springframework.test.context.ActiveProfiles] and class [com.techpeople.techsoft.TechsoftApplicationTests]
15:01:35.462 [main] DEBUG org.springframework.test.context.junit4.SpringJUnit4ClassRunner - SpringJUnit4ClassRunner constructor called with [class com.techpeople.techsoft.TechsoftApplicationTests]
15:01:35.462 [main] DEBUG org.springframework.test.context.BootstrapUtils - Instantiating CacheAwareContextLoaderDelegate from class [org.springframework.test.context.cache.DefaultCacheAwareContextLoaderDelegate]
15:01:35.462 [main] DEBUG org.springframework.test.context.BootstrapUtils - Instantiating BootstrapContext using constructor [public org.springframework.test.context.support.DefaultBootstrapContext(java.lang.Class,org.springframework.test.context.CacheAwareContextLoaderDelegate)]
15:01:35.462 [main] DEBUG org.springframework.test.context.BootstrapUtils - Instantiating TestContextBootstrapper for test class [com.techpeople.techsoft.TechsoftApplicationTests] from class [org.springframework.boot.test.context.SpringBootTestContextBootstrapper]
15:01:35.462 [main] INFO org.springframework.boot.test.context.SpringBootTestContextBootstrapper - Neither @ContextConfiguration nor @ContextHierarchy found for test class [com.techpeople.techsoft.TechsoftApplicationTests], using SpringBootContextLoader
15:01:35.463 [main] DEBUG org.springframework.test.context.support.AbstractContextLoader - Did not detect default resource location for test class [com.techpeople.techsoft.TechsoftApplicationTests]: class path resource [com/techpeople/techsoft/TechsoftApplicationTests-context.xml] does not exist
15:01:35.463 [main] DEBUG org.springframework.test.context.support.AbstractContextLoader - Did not detect default resource location for test class [com.techpeople.techsoft.TechsoftApplicationTests]: class path resource [com/techpeople/techsoft/TechsoftApplicationTestsContext.groovy] does not exist
15:01:35.463 [main] INFO org.springframework.test.context.support.AbstractContextLoader - Could not detect default resource locations for test class [com.techpeople.techsoft.TechsoftApplicationTests]: no resource found for suffixes {-context.xml, Context.groovy}.
15:01:35.463 [main] INFO org.springframework.test.context.support.AnnotationConfigContextLoaderUtils - Could not detect default configuration classes for test class [com.techpeople.techsoft.TechsoftApplicationTests]: TechsoftApplicationTests does not declare any static, non-private, non-final, nested classes annotated with @Configuration.
15:01:35.464 [main] DEBUG org.springframework.test.context.support.ActiveProfilesUtils - Could not find an 'annotation declaring class' for annotation type [org.springframework.test.context.ActiveProfiles] and class [com.techpeople.techsoft.TechsoftApplicationTests]
]]></system-out>
  </testcase>
</testsuite>